<?xml version="1.0" encoding="UTF-8"?>
<!-- Generated by org.testng.reporters.JUnitReportReporter -->
<testsuite hostname="01hw980325" name="com.yasin.test.scripts.JenkinsLogin" tests="1" failures="0" timestamp="26 Sep 2019 11:43:07 GMT" time="10.424" errors="0">
  <testcase name="launchjenkinswithdefineduser" time="10.424" classname="com.yasin.test.scripts.JenkinsLogin"/>
</testsuite> <!-- com.yasin.test.scripts.JenkinsLogin -->
