<?xml version="1.0" encoding="UTF-8"?>
<!-- Generated by org.testng.reporters.JUnitReportReporter -->
<testsuite hostname="01hw980325" name="seleniumWebDriverLearning.DataProviderConceptsInTestNg" tests="3" failures="0" timestamp="12 Dec 2019 07:11:30 GMT" time="35.282" errors="0">
  <testcase name="testMethod" time="27.176" classname="seleniumWebDriverLearning.DataProviderConceptsInTestNg"/>
  <testcase name="testMethod" time="4.116" classname="seleniumWebDriverLearning.DataProviderConceptsInTestNg"/>
  <testcase name="testMethod" time="3.990" classname="seleniumWebDriverLearning.DataProviderConceptsInTestNg"/>
</testsuite> <!-- seleniumWebDriverLearning.DataProviderConceptsInTestNg -->
