<?xml version="1.0" encoding="UTF-8"?>
<!-- Generated by org.testng.reporters.JUnitReportReporter -->
<testsuite hostname="01hw980325" name="Udemy.Get_Request_Validations" tests="1" failures="0" timestamp="19 Feb 2020 10:00:01 GMT" time="5.040" errors="0">
  <testcase name="googlePlaceApiTestings" time="5.040" classname="Udemy.Get_Request_Validations"/>
</testsuite> <!-- Udemy.Get_Request_Validations -->
