<?xml version="1.0" encoding="UTF-8"?>
<!-- Generated by org.testng.reporters.JUnitReportReporter -->
<testsuite hostname="01hw980325" name="com.yasin.test.scripts.AfaLoginTesting" tests="2" failures="0" timestamp="23 Sep 2019 11:43:21 GMT" time="36.108" errors="0">
  <testcase name="user_hits_b_q_agent_front" time="8.886" classname="com.yasin.test.scripts.AfaLoginTesting"/>
  <testcase name="user_login_into_b_q_homepage_with_agent_id_and_password_and_by_providing_store_code" time="27.222" classname="com.yasin.test.scripts.AfaLoginTesting"/>
</testsuite> <!-- com.yasin.test.scripts.AfaLoginTesting -->
