<?xml version="1.0" encoding="UTF-8"?>
<!-- Generated by org.testng.reporters.JUnitReportReporter -->
<testsuite hostname="01hw980325" name="seleniumWebDriverLearning.QueryTest" tests="1" failures="0" timestamp="15 Oct 2019 10:45:13 GMT" time="13.395" errors="0">
  <testcase name="checkMethod" time="13.395" classname="seleniumWebDriverLearning.QueryTest"/>
</testsuite> <!-- seleniumWebDriverLearning.QueryTest -->
