<?xml version="1.0" encoding="UTF-8"?>
<!-- Generated by org.testng.reporters.JUnitReportReporter -->
<testsuite hostname="01hw980325" name="RestAssuredFramework.Tc001_Get_Request" tests="1" failures="0" timestamp="18 Feb 2020 09:11:25 GMT" time="3.722" errors="0">
  <testcase name="getWeatherDetails" time="3.722" classname="RestAssuredFramework.Tc001_Get_Request"/>
</testsuite> <!-- RestAssuredFramework.Tc001_Get_Request -->
