<?xml version="1.0" encoding="UTF-8"?>
<!-- Generated by org.testng.reporters.JUnitReportReporter -->
<testsuite hostname="01hw980325" name="Udemy.Get_All_Location_In_Google_place" tests="1" failures="0" timestamp="19 Feb 2020 09:48:10 GMT" time="4.873" errors="0">
  <testcase name="printAllCities" time="4.873" classname="Udemy.Get_All_Location_In_Google_place"/>
</testsuite> <!-- Udemy.Get_All_Location_In_Google_place -->
