<?xml version="1.0" encoding="UTF-8"?>
<!-- Generated by org.testng.reporters.JUnitReportReporter -->
<testsuite hostname="01hw980325" name="RestAssuredFramework.Tc001_Post_Request" tests="1" failures="0" timestamp="21 Jan 2020 13:56:59 GMT" time="5.265" errors="0">
  <testcase name="registrationSuccessfull" time="5.265" classname="RestAssuredFramework.Tc001_Post_Request"/>
</testsuite> <!-- RestAssuredFramework.Tc001_Post_Request -->
