<?xml version="1.0" encoding="UTF-8"?>
<!-- Generated by org.testng.reporters.JUnitReportReporter -->
<testsuite hostname="01hw980325" name="masterSuit.ReBuiltBricoSuite" tests="2" failures="0" timestamp="5 Aug 2019 09:34:05 GMT" time="24.359" errors="0">
  <testcase name="launch_afa_suit_in_jenkins_with_defined_user" time="18.862" classname="masterSuit.ReBuiltBricoSuite"/>
  <testcase name="launch_new_framework_suit_in_jenkins_with_defined_user" time="5.497" classname="masterSuit.ReBuiltBricoSuite"/>
</testsuite> <!-- masterSuit.ReBuiltBricoSuite -->
