<?xml version="1.0" encoding="UTF-8"?>
<!-- Generated by org.testng.reporters.JUnitReportReporter -->
<testsuite hostname="01hw980325" name="com.java.concepts.JavaAnnotations" tests="2" failures="0" timestamp="5 Nov 2019 08:52:23 GMT" time="0.015" errors="0">
  <testcase name="testDeprecated" time="0.001" classname="com.java.concepts.JavaAnnotations"/>
  <testcase name="supressWarningS" time="0.014" classname="com.java.concepts.JavaAnnotations"/>
</testsuite> <!-- com.java.concepts.JavaAnnotations -->
