<?xml version="1.0" encoding="UTF-8"?>
<!-- Generated by org.testng.reporters.JUnitReportReporter -->
<testsuite hostname="01hw980325" name="seleniumWebDriverLearning.TestPageFactoryConcepts" tests="1" failures="0" timestamp="12 Sep 2019 10:57:18 GMT" time="42.624" errors="0">
  <testcase name="loginToHomepageOfAtg" time="42.624" classname="seleniumWebDriverLearning.TestPageFactoryConcepts"/>
</testsuite> <!-- seleniumWebDriverLearning.TestPageFactoryConcepts -->
